# JRE version: OpenJDK Runtime Environment (8.0_76-b03) (build 1.8.0_76-release-b03)
# Java VM: OpenJDK 64-Bit Server VM (25.76-b03 mixed mode windows-amd64 compressed oops)
Heap:
 PSYoungGen      total 433664K, used 312779K [0x00000000e0000000, 0x0000000100000000, 0x0000000100000000)
  eden space 402432K, 77% used [0x00000000e0000000,0x00000000f3172d78,0x00000000f8900000)
  from space 31232K, 0% used [0x00000000fca00000,0x00000000fca00000,0x00000000fe880000)
  to   space 60928K, 0% used [0x00000000f8900000,0x00000000f8900000,0x00000000fc480000)
 ParOldGen       total 171008K, used 93596K [0x00000000a0000000, 0x00000000aa700000, 0x00000000e0000000)
  object space 171008K, 54% used [0x00000000a0000000,0x00000000a5b670d8,0x00000000aa700000)
 Metaspace       used 63781K, capacity 65504K, committed 65840K, reserved 1105920K
  class space    used 8073K, capacity 8422K, committed 8496K, reserved 1048576K
GC Heap History (10 events):
Event: 38.019 GC heap before
{Heap before GC invocations=20 (full 3):
 PSYoungGen      total 364544K, used 355770K [0x00000000e0000000, 0x00000000f8600000, 0x0000000100000000)
  eden space 334848K, 99% used [0x00000000e0000000,0x00000000f466cba0,0x00000000f4700000)
  from space 29696K, 72% used [0x00000000f6500000,0x00000000f7a01df8,0x00000000f8200000)
  to   space 30720K, 0% used [0x00000000f4700000,0x00000000f4700000,0x00000000f6500000)
 ParOldGen       total 171008K, used 57771K [0x00000000a0000000, 0x00000000aa700000, 0x00000000e0000000)
  object space 171008K, 33% used [0x00000000a0000000,0x00000000a386aef0,0x00000000aa700000)
 Metaspace       used 59031K, capacity 60656K, committed 60952K, reserved 1101824K
  class space    used 7664K, capacity 8038K, committed 8112K, reserved 1048576K
Event: 38.043 GC heap after
Heap after GC invocations=20 (full 3):
 PSYoungGen      total 365568K, used 19807K [0x00000000e0000000, 0x00000000fe880000, 0x0000000100000000)
  eden space 334848K, 0% used [0x00000000e0000000,0x00000000e0000000,0x00000000f4700000)
  from space 30720K, 64% used [0x00000000f4700000,0x00000000f5a57e88,0x00000000f6500000)
  to   space 31232K, 0% used [0x00000000fca00000,0x00000000fca00000,0x00000000fe880000)
 ParOldGen       total 171008K, used 57779K [0x00000000a0000000, 0x00000000aa700000, 0x00000000e0000000)
  object space 171008K, 33% used [0x00000000a0000000,0x00000000a386cef0,0x00000000aa700000)
 Metaspace       used 59031K, capacity 60656K, committed 60952K, reserved 1101824K
  class space    used 7664K, capacity 8038K, committed 8112K, reserved 1048576K
}
Event: 42.920 GC heap before
{Heap before GC invocations=21 (full 3):
 PSYoungGen      total 365568K, used 354655K [0x00000000e0000000, 0x00000000fe880000, 0x0000000100000000)
  eden space 334848K, 100% used [0x00000000e0000000,0x00000000f4700000,0x00000000f4700000)
  from space 30720K, 64% used [0x00000000f4700000,0x00000000f5a57e88,0x00000000f6500000)
  to   space 31232K, 0% used [0x00000000fca00000,0x00000000fca00000,0x00000000fe880000)
 ParOldGen       total 171008K, used 57779K [0x00000000a0000000, 0x00000000aa700000, 0x00000000e0000000)
  object space 171008K, 33% used [0x00000000a0000000,0x00000000a386cef0,0x00000000aa700000)
 Metaspace       used 63368K, capacity 65078K, committed 65328K, reserved 1105920K
  class space    used 8069K, capacity 8425K, committed 8496K, reserved 1048576K
Event: 42.988 GC heap after
Heap after GC invocations=21 (full 3):
 PSYoungGen      total 366080K, used 31202K [0x00000000e0000000, 0x00000000fe880000, 0x0000000100000000)
  eden space 334848K, 0% used [0x00000000e0000000,0x00000000e0000000,0x00000000f4700000)
  from space 31232K, 99% used [0x00000000fca00000,0x00000000fe878bd8,0x00000000fe880000)
  to   space 30720K, 0% used [0x00000000f4700000,0x00000000f4700000,0x00000000f6500000)
 ParOldGen       total 171008K, used 86374K [0x00000000a0000000, 0x00000000aa700000, 0x00000000e0000000)
  object space 171008K, 50% used [0x00000000a0000000,0x00000000a5459b98,0x00000000aa700000)
 Metaspace       used 63368K, capacity 65078K, committed 65328K, reserved 1105920K
  class space    used 8069K, capacity 8425K, committed 8496K, reserved 1048576K
}
Event: 44.674 GC heap before
{Heap before GC invocations=22 (full 3):
 PSYoungGen      total 366080K, used 366050K [0x00000000e0000000, 0x00000000fe880000, 0x0000000100000000)
  eden space 334848K, 100% used [0x00000000e0000000,0x00000000f4700000,0x00000000f4700000)
  from space 31232K, 99% used [0x00000000fca00000,0x00000000fe878bd8,0x00000000fe880000)
  to   space 30720K, 0% used [0x00000000f4700000,0x00000000f4700000,0x00000000f6500000)
 ParOldGen       total 171008K, used 86374K [0x00000000a0000000, 0x00000000aa700000, 0x00000000e0000000)
  object space 171008K, 50% used [0x00000000a0000000,0x00000000a5459b98,0x00000000aa700000)
 Metaspace       used 63542K, capacity 65272K, committed 65584K, reserved 1105920K
  class space    used 8074K, capacity 8426K, committed 8496K, reserved 1048576K
Event: 44.837 GC heap after
Heap after GC invocations=22 (full 3):
 PSYoungGen      total 365568K, used 30715K [0x00000000e0000000, 0x00000000fe880000, 0x0000000100000000)
  eden space 334848K, 0% used [0x00000000e0000000,0x00000000e0000000,0x00000000f4700000)
  from space 30720K, 99% used [0x00000000f4700000,0x00000000f64fee90,0x00000000f6500000)
  to   space 31232K, 0% used [0x00000000fca00000,0x00000000fca00000,0x00000000fe880000)
 ParOldGen       total 171008K, used 129571K [0x00000000a0000000, 0x00000000aa700000, 0x00000000e0000000)
  object space 171008K, 75% used [0x00000000a0000000,0x00000000a7e88fc0,0x00000000aa700000)
 Metaspace       used 63542K, capacity 65272K, committed 65584K, reserved 1105920K
  class space    used 8074K, capacity 8426K, committed 8496K, reserved 1048576K
}
Event: 47.117 GC heap before
{Heap before GC invocations=23 (full 3):
 PSYoungGen      total 365568K, used 365563K [0x00000000e0000000, 0x00000000fe880000, 0x0000000100000000)
  eden space 334848K, 100% used [0x00000000e0000000,0x00000000f4700000,0x00000000f4700000)
  from space 30720K, 99% used [0x00000000f4700000,0x00000000f64fee90,0x00000000f6500000)
  to   space 31232K, 0% used [0x00000000fca00000,0x00000000fca00000,0x00000000fe880000)
 ParOldGen       total 171008K, used 129571K [0x00000000a0000000, 0x00000000aa700000, 0x00000000e0000000)
  object space 171008K, 75% used [0x00000000a0000000,0x00000000a7e88fc0,0x00000000aa700000)
 Metaspace       used 63721K, capacity 65464K, committed 65584K, reserved 1105920K
  class space    used 8075K, capacity 8426K, committed 8496K, reserved 1048576K
Event: 47.180 GC heap after
Heap after GC invocations=23 (full 3):
 PSYoungGen      total 433664K, used 17885K [0x00000000e0000000, 0x0000000100000000, 0x0000000100000000)
  eden space 402432K, 0% used [0x00000000e0000000,0x00000000e0000000,0x00000000f8900000)
  from space 31232K, 57% used [0x00000000fca00000,0x00000000fdb77748,0x00000000fe880000)
  to   space 60928K, 0% used [0x00000000f8900000,0x00000000f8900000,0x00000000fc480000)
 ParOldGen       total 171008K, used 149746K [0x00000000a0000000, 0x00000000aa700000, 0x00000000e0000000)
  object space 171008K, 87% used [0x00000000a0000000,0x00000000a923ca50,0x00000000aa700000)
 Metaspace       used 63721K, capacity 65464K, committed 65584K, reserved 1105920K
  class space    used 8075K, capacity 8426K, committed 8496K, reserved 1048576K
}
Event: 47.180 GC heap before
{Heap before GC invocations=24 (full 4):
 PSYoungGen      total 433664K, used 17885K [0x00000000e0000000, 0x0000000100000000, 0x0000000100000000)
  eden space 402432K, 0% used [0x00000000e0000000,0x00000000e0000000,0x00000000f8900000)
  from space 31232K, 57% used [0x00000000fca00000,0x00000000fdb77748,0x00000000fe880000)
  to   space 60928K, 0% used [0x00000000f8900000,0x00000000f8900000,0x00000000fc480000)
 ParOldGen       total 171008K, used 149746K [0x00000000a0000000, 0x00000000aa700000, 0x00000000e0000000)
  object space 171008K, 87% used [0x00000000a0000000,0x00000000a923ca50,0x00000000aa700000)
 Metaspace       used 63721K, capacity 65464K, committed 65584K, reserved 1105920K
  class space    used 8075K, capacity 8426K, committed 8496K, reserved 1048576K
Event: 47.749 GC heap after
Heap after GC invocations=24 (full 4):
 PSYoungGen      total 433664K, used 0K [0x00000000e0000000, 0x0000000100000000, 0x0000000100000000)
  eden space 402432K, 0% used [0x00000000e0000000,0x00000000e0000000,0x00000000f8900000)
  from space 31232K, 0% used [0x00000000fca00000,0x00000000fca00000,0x00000000fe880000)
  to   space 60928K, 0% used [0x00000000f8900000,0x00000000f8900000,0x00000000fc480000)
 ParOldGen       total 171008K, used 93596K [0x00000000a0000000, 0x00000000aa700000, 0x00000000e0000000)
  object space 171008K, 54% used [0x00000000a0000000,0x00000000a5b670d8,0x00000000aa700000)
 Metaspace       used 63713K, capacity 65440K, committed 65584K, reserved 1105920K
  class space    used 8073K, capacity 8422K, committed 8496K, reserved 1048576K
}

