# JRE version: OpenJDK Runtime Environment (8.0_76-b03) (build 1.8.0_76-release-b03)
# Java VM: OpenJDK 64-Bit Server VM (25.76-b03 mixed mode windows-amd64 compressed oops)
Heap:
 PSYoungGen      total 326656K, used 68722K [0x00000000e0000000, 0x00000000f6680000, 0x0000000100000000)
  eden space 286208K, 9% used [0x00000000e0000000,0x00000000e1ba1a38,0x00000000f1780000)
  from space 40448K, 99% used [0x00000000f1780000,0x00000000f3efb048,0x00000000f3f00000)
  to   space 32768K, 0% used [0x00000000f4680000,0x00000000f4680000,0x00000000f6680000)
 ParOldGen       total 111616K, used 64501K [0x00000000a0000000, 0x00000000a6d00000, 0x00000000e0000000)
  object space 111616K, 57% used [0x00000000a0000000,0x00000000a3efd468,0x00000000a6d00000)
 Metaspace       used 64430K, capacity 68028K, committed 71424K, reserved 1112064K
  class space    used 8310K, capacity 8900K, committed 9728K, reserved 1048576K
GC Heap History (10 events):
Event: 7372.305 GC heap before
{Heap before GC invocations=30 (full 7):
 PSYoungGen      total 317952K, used 299840K [0x00000000e0000000, 0x00000000f6280000, 0x0000000100000000)
  eden space 294400K, 100% used [0x00000000e0000000,0x00000000f1f80000,0x00000000f1f80000)
  from space 23552K, 23% used [0x00000000f3680000,0x00000000f3bd0000,0x00000000f4d80000)
  to   space 23552K, 0% used [0x00000000f1f80000,0x00000000f1f80000,0x00000000f3680000)
 ParOldGen       total 111616K, used 46541K [0x00000000a0000000, 0x00000000a6d00000, 0x00000000e0000000)
  object space 111616K, 41% used [0x00000000a0000000,0x00000000a2d73418,0x00000000a6d00000)
 Metaspace       used 63624K, capacity 66958K, committed 71424K, reserved 1112064K
  class space    used 8217K, capacity 8767K, committed 9728K, reserved 1048576K
Event: 7372.338 GC heap after
Heap after GC invocations=30 (full 7):
 PSYoungGen      total 317952K, used 23525K [0x00000000e0000000, 0x00000000f6d00000, 0x0000000100000000)
  eden space 294400K, 0% used [0x00000000e0000000,0x00000000e0000000,0x00000000f1f80000)
  from space 23552K, 99% used [0x00000000f1f80000,0x00000000f36795e0,0x00000000f3680000)
  to   space 29696K, 0% used [0x00000000f5000000,0x00000000f5000000,0x00000000f6d00000)
 ParOldGen       total 111616K, used 53846K [0x00000000a0000000, 0x00000000a6d00000, 0x00000000e0000000)
  object space 111616K, 48% used [0x00000000a0000000,0x00000000a3495920,0x00000000a6d00000)
 Metaspace       used 63624K, capacity 66958K, committed 71424K, reserved 1112064K
  class space    used 8217K, capacity 8767K, committed 9728K, reserved 1048576K
}
Event: 7380.033 GC heap before
{Heap before GC invocations=31 (full 7):
 PSYoungGen      total 317952K, used 317925K [0x00000000e0000000, 0x00000000f6d00000, 0x0000000100000000)
  eden space 294400K, 100% used [0x00000000e0000000,0x00000000f1f80000,0x00000000f1f80000)
  from space 23552K, 99% used [0x00000000f1f80000,0x00000000f36795e0,0x00000000f3680000)
  to   space 29696K, 0% used [0x00000000f5000000,0x00000000f5000000,0x00000000f6d00000)
 ParOldGen       total 111616K, used 53846K [0x00000000a0000000, 0x00000000a6d00000, 0x00000000e0000000)
  object space 111616K, 48% used [0x00000000a0000000,0x00000000a3495920,0x00000000a6d00000)
 Metaspace       used 63743K, capacity 67054K, committed 71424K, reserved 1112064K
  class space    used 8220K, capacity 8799K, committed 9728K, reserved 1048576K
Event: 7380.078 GC heap after
Heap after GC invocations=31 (full 7):
 PSYoungGen      total 338944K, used 29688K [0x00000000e0000000, 0x00000000f7900000, 0x0000000100000000)
  eden space 309248K, 0% used [0x00000000e0000000,0x00000000e0000000,0x00000000f2e00000)
  from space 29696K, 99% used [0x00000000f5000000,0x00000000f6cfe2c8,0x00000000f6d00000)
  to   space 34816K, 0% used [0x00000000f2e00000,0x00000000f2e00000,0x00000000f5000000)
 ParOldGen       total 111616K, used 56022K [0x00000000a0000000, 0x00000000a6d00000, 0x00000000e0000000)
  object space 111616K, 50% used [0x00000000a0000000,0x00000000a36b5a60,0x00000000a6d00000)
 Metaspace       used 63743K, capacity 67054K, committed 71424K, reserved 1112064K
  class space    used 8220K, capacity 8799K, committed 9728K, reserved 1048576K
}
Event: 9227.337 GC heap before
{Heap before GC invocations=32 (full 7):
 PSYoungGen      total 338944K, used 338936K [0x00000000e0000000, 0x00000000f7900000, 0x0000000100000000)
  eden space 309248K, 100% used [0x00000000e0000000,0x00000000f2e00000,0x00000000f2e00000)
  from space 29696K, 99% used [0x00000000f5000000,0x00000000f6cfe2c8,0x00000000f6d00000)
  to   space 34816K, 0% used [0x00000000f2e00000,0x00000000f2e00000,0x00000000f5000000)
 ParOldGen       total 111616K, used 56022K [0x00000000a0000000, 0x00000000a6d00000, 0x00000000e0000000)
  object space 111616K, 50% used [0x00000000a0000000,0x00000000a36b5a60,0x00000000a6d00000)
 Metaspace       used 63991K, capacity 67628K, committed 71424K, reserved 1112064K
  class space    used 8255K, capacity 8856K, committed 9728K, reserved 1048576K
Event: 9227.369 GC heap after
Heap after GC invocations=32 (full 7):
 PSYoungGen      total 322560K, used 24847K [0x00000000e0000000, 0x00000000f6a80000, 0x0000000100000000)
  eden space 297472K, 0% used [0x00000000e0000000,0x00000000e0000000,0x00000000f2280000)
  from space 25088K, 99% used [0x00000000f2e00000,0x00000000f4643fe0,0x00000000f4680000)
  to   space 36864K, 0% used [0x00000000f4680000,0x00000000f4680000,0x00000000f6a80000)
 ParOldGen       total 111616K, used 56022K [0x00000000a0000000, 0x00000000a6d00000, 0x00000000e0000000)
  object space 111616K, 50% used [0x00000000a0000000,0x00000000a36b5a60,0x00000000a6d00000)
 Metaspace       used 63991K, capacity 67628K, committed 71424K, reserved 1112064K
  class space    used 8255K, capacity 8856K, committed 9728K, reserved 1048576K
}
Event: 9257.827 GC heap before
{Heap before GC invocations=33 (full 7):
 PSYoungGen      total 322560K, used 322319K [0x00000000e0000000, 0x00000000f6a80000, 0x0000000100000000)
  eden space 297472K, 100% used [0x00000000e0000000,0x00000000f2280000,0x00000000f2280000)
  from space 25088K, 99% used [0x00000000f2e00000,0x00000000f4643fe0,0x00000000f4680000)
  to   space 36864K, 0% used [0x00000000f4680000,0x00000000f4680000,0x00000000f6a80000)
 ParOldGen       total 111616K, used 56022K [0x00000000a0000000, 0x00000000a6d00000, 0x00000000e0000000)
  object space 111616K, 50% used [0x00000000a0000000,0x00000000a36b5a60,0x00000000a6d00000)
 Metaspace       used 64386K, capacity 67964K, committed 71424K, reserved 1112064K
  class space    used 8310K, capacity 8900K, committed 9728K, reserved 1048576K
Event: 9257.870 GC heap after
Heap after GC invocations=33 (full 7):
 PSYoungGen      total 318976K, used 32075K [0x00000000e0000000, 0x00000000f6680000, 0x0000000100000000)
  eden space 286208K, 0% used [0x00000000e0000000,0x00000000e0000000,0x00000000f1780000)
  from space 32768K, 97% used [0x00000000f4680000,0x00000000f65d2d90,0x00000000f6680000)
  to   space 40448K, 0% used [0x00000000f1780000,0x00000000f1780000,0x00000000f3f00000)
 ParOldGen       total 111616K, used 56030K [0x00000000a0000000, 0x00000000a6d00000, 0x00000000e0000000)
  object space 111616K, 50% used [0x00000000a0000000,0x00000000a36b7a60,0x00000000a6d00000)
 Metaspace       used 64386K, capacity 67964K, committed 71424K, reserved 1112064K
  class space    used 8310K, capacity 8900K, committed 9728K, reserved 1048576K
}
Event: 9258.949 GC heap before
{Heap before GC invocations=34 (full 7):
 PSYoungGen      total 318976K, used 318283K [0x00000000e0000000, 0x00000000f6680000, 0x0000000100000000)
  eden space 286208K, 100% used [0x00000000e0000000,0x00000000f1780000,0x00000000f1780000)
  from space 32768K, 97% used [0x00000000f4680000,0x00000000f65d2d90,0x00000000f6680000)
  to   space 40448K, 0% used [0x00000000f1780000,0x00000000f1780000,0x00000000f3f00000)
 ParOldGen       total 111616K, used 56030K [0x00000000a0000000, 0x00000000a6d00000, 0x00000000e0000000)
  object space 111616K, 50% used [0x00000000a0000000,0x00000000a36b7a60,0x00000000a6d00000)
 Metaspace       used 64422K, capacity 68028K, committed 71424K, reserved 1112064K
  class space    used 8310K, capacity 8900K, committed 9728K, reserved 1048576K
Event: 9259.028 GC heap after
Heap after GC invocations=34 (full 7):
 PSYoungGen      total 326656K, used 40428K [0x00000000e0000000, 0x00000000f6680000, 0x0000000100000000)
  eden space 286208K, 0% used [0x00000000e0000000,0x00000000e0000000,0x00000000f1780000)
  from space 40448K, 99% used [0x00000000f1780000,0x00000000f3efb048,0x00000000f3f00000)
  to   space 32768K, 0% used [0x00000000f4680000,0x00000000f4680000,0x00000000f6680000)
 ParOldGen       total 111616K, used 64501K [0x00000000a0000000, 0x00000000a6d00000, 0x00000000e0000000)
  object space 111616K, 57% used [0x00000000a0000000,0x00000000a3efd468,0x00000000a6d00000)
 Metaspace       used 64422K, capacity 68028K, committed 71424K, reserved 1112064K
  class space    used 8310K, capacity 8900K, committed 9728K, reserved 1048576K
}

